--------------------------------------------------------------------------------
Release 14.7 Trace  (nt64)
Copyright (c) 1995-2013 Xilinx, Inc.  All rights reserved.

C:\Xilinx\14.7\ISE_DS\ISE\bin\nt64\unwrapped\trce.exe -intstyle ise -v 3 -s 1
-n 3 -fastpaths -xml buffer_ram_dp.twx buffer_ram_dp.ncd -o buffer_ram_dp.twr
buffer_ram_dp.pcf

Design file:              buffer_ram_dp.ncd
Physical constraint file: buffer_ram_dp.pcf
Device,package,speed:     xc7a100t,csg324,C,-1 (PRODUCTION 1.10 2013-10-13)
Report level:             verbose report

Environment Variable      Effect 
--------------------      ------ 
NONE                      No environment variables were set
--------------------------------------------------------------------------------

INFO:Timing:2698 - No timing constraints found, doing default enumeration.
INFO:Timing:3412 - To improve timing, see the Timing Closure User Guide (UG612).
INFO:Timing:2752 - To get complete path coverage, use the unconstrained paths 
   option. All paths that are not constrained will be reported in the 
   unconstrained paths section(s) of the report.
INFO:Timing:3339 - The clock-to-out numbers in this timing report are based on 
   a 50 Ohm transmission line loading model.  For the details of this model, 
   and for more information on accounting for different loading conditions, 
   please see the device datasheet.



Data Sheet report:
-----------------
All values displayed in nanoseconds (ns)

Setup/Hold to clock clk
------------+------------+------------+------------+------------+------------------+--------+
            |Max Setup to|  Process   |Max Hold to |  Process   |                  | Clock  |
Source      | clk (edge) |   Corner   | clk (edge) |   Corner   |Internal Clock(s) | Phase  |
------------+------------+------------+------------+------------+------------------+--------+
addr_in<0>  |    6.827(R)|      SLOW  |    3.013(R)|      SLOW  |clk_BUFGP         |   0.000|
addr_in<1>  |    4.824(R)|      SLOW  |    3.261(R)|      SLOW  |clk_BUFGP         |   0.000|
addr_in<2>  |    6.730(R)|      SLOW  |    2.996(R)|      SLOW  |clk_BUFGP         |   0.000|
addr_in<3>  |    7.002(R)|      SLOW  |    3.176(R)|      SLOW  |clk_BUFGP         |   0.000|
addr_in<4>  |    6.085(R)|      SLOW  |    3.056(R)|      SLOW  |clk_BUFGP         |   0.000|
addr_in<5>  |    6.689(R)|      SLOW  |    2.925(R)|      SLOW  |clk_BUFGP         |   0.000|
addr_in<6>  |    2.893(R)|      SLOW  |    3.152(R)|      SLOW  |clk_BUFGP         |   0.000|
addr_in<7>  |    6.607(R)|      SLOW  |    3.157(R)|      SLOW  |clk_BUFGP         |   0.000|
addr_in<8>  |    6.727(R)|      SLOW  |    3.058(R)|      SLOW  |clk_BUFGP         |   0.000|
addr_in<9>  |    4.962(R)|      SLOW  |    3.100(R)|      SLOW  |clk_BUFGP         |   0.000|
addr_in<10> |    4.287(R)|      SLOW  |    3.254(R)|      SLOW  |clk_BUFGP         |   0.000|
addr_in<11> |    5.636(R)|      SLOW  |    3.169(R)|      SLOW  |clk_BUFGP         |   0.000|
addr_in<12> |    6.164(R)|      SLOW  |    3.059(R)|      SLOW  |clk_BUFGP         |   0.000|
addr_in<13> |    6.234(R)|      SLOW  |    3.058(R)|      SLOW  |clk_BUFGP         |   0.000|
addr_in<14> |    5.760(R)|      SLOW  |    3.108(R)|      SLOW  |clk_BUFGP         |   0.000|
addr_in<15> |    5.576(R)|      SLOW  |    3.126(R)|      SLOW  |clk_BUFGP         |   0.000|
addr_in<16> |    4.506(R)|      SLOW  |    2.327(R)|      SLOW  |clk_BUFGP         |   0.000|
addr_out<0> |    4.177(R)|      SLOW  |    3.184(R)|      SLOW  |clk_BUFGP         |   0.000|
addr_out<1> |    4.319(R)|      SLOW  |    3.268(R)|      SLOW  |clk_BUFGP         |   0.000|
addr_out<2> |    4.230(R)|      SLOW  |    3.201(R)|      SLOW  |clk_BUFGP         |   0.000|
addr_out<3> |    4.163(R)|      SLOW  |    3.084(R)|      SLOW  |clk_BUFGP         |   0.000|
addr_out<4> |    4.144(R)|      SLOW  |    3.086(R)|      SLOW  |clk_BUFGP         |   0.000|
addr_out<5> |    3.591(R)|      SLOW  |    3.254(R)|      SLOW  |clk_BUFGP         |   0.000|
addr_out<6> |    3.058(R)|      SLOW  |    3.230(R)|      SLOW  |clk_BUFGP         |   0.000|
addr_out<7> |    3.303(R)|      SLOW  |    3.076(R)|      SLOW  |clk_BUFGP         |   0.000|
addr_out<8> |    3.767(R)|      SLOW  |    3.235(R)|      SLOW  |clk_BUFGP         |   0.000|
addr_out<9> |    3.222(R)|      SLOW  |    3.203(R)|      SLOW  |clk_BUFGP         |   0.000|
addr_out<10>|    2.870(R)|      SLOW  |    3.080(R)|      SLOW  |clk_BUFGP         |   0.000|
addr_out<11>|    2.868(R)|      SLOW  |    3.209(R)|      SLOW  |clk_BUFGP         |   0.000|
addr_out<12>|    2.764(R)|      SLOW  |    3.067(R)|      SLOW  |clk_BUFGP         |   0.000|
addr_out<13>|    3.091(R)|      SLOW  |    3.203(R)|      SLOW  |clk_BUFGP         |   0.000|
addr_out<14>|    3.161(R)|      SLOW  |    2.928(R)|      SLOW  |clk_BUFGP         |   0.000|
addr_out<15>|    2.998(R)|      SLOW  |    3.199(R)|      SLOW  |clk_BUFGP         |   0.000|
addr_out<16>|   -1.074(R)|      FAST  |    4.165(R)|      SLOW  |clk_BUFGP         |   0.000|
data_in<0>  |    0.905(R)|      FAST  |    2.550(R)|      SLOW  |clk_BUFGP         |   0.000|
data_in<1>  |    0.594(R)|      FAST  |    2.488(R)|      SLOW  |clk_BUFGP         |   0.000|
data_in<2>  |    1.137(R)|      FAST  |    2.732(R)|      SLOW  |clk_BUFGP         |   0.000|
data_in<3>  |    0.516(R)|      FAST  |    2.566(R)|      SLOW  |clk_BUFGP         |   0.000|
data_in<4>  |    0.246(R)|      FAST  |    3.370(R)|      SLOW  |clk_BUFGP         |   0.000|
data_in<5>  |    0.401(R)|      FAST  |    2.920(R)|      SLOW  |clk_BUFGP         |   0.000|
data_in<6>  |    1.293(R)|      SLOW  |    2.871(R)|      SLOW  |clk_BUFGP         |   0.000|
data_in<7>  |    0.420(R)|      FAST  |    3.008(R)|      SLOW  |clk_BUFGP         |   0.000|
data_in<8>  |    1.053(R)|      FAST  |    2.729(R)|      SLOW  |clk_BUFGP         |   0.000|
data_in<9>  |    1.125(R)|      FAST  |    2.597(R)|      SLOW  |clk_BUFGP         |   0.000|
data_in<10> |    0.608(R)|      FAST  |    3.251(R)|      SLOW  |clk_BUFGP         |   0.000|
data_in<11> |    0.809(R)|      FAST  |    3.282(R)|      SLOW  |clk_BUFGP         |   0.000|
data_in<12> |    1.297(R)|      FAST  |    1.814(R)|      SLOW  |clk_BUFGP         |   0.000|
data_in<13> |    0.918(R)|      FAST  |    2.384(R)|      SLOW  |clk_BUFGP         |   0.000|
data_in<14> |    1.252(R)|      FAST  |    2.547(R)|      SLOW  |clk_BUFGP         |   0.000|
data_in<15> |    0.511(R)|      FAST  |    2.712(R)|      SLOW  |clk_BUFGP         |   0.000|
regread     |    5.203(R)|      SLOW  |    2.961(R)|      SLOW  |clk_BUFGP         |   0.000|
regwrite    |    4.193(R)|      SLOW  |    2.560(R)|      SLOW  |clk_BUFGP         |   0.000|
------------+------------+------------+------------+------------+------------------+--------+

Clock clk to Pad
------------+-----------------+------------+-----------------+------------+------------------+--------+
            |Max (slowest) clk|  Process   |Min (fastest) clk|  Process   |                  | Clock  |
Destination |  (edge) to PAD  |   Corner   |  (edge) to PAD  |   Corner   |Internal Clock(s) | Phase  |
------------+-----------------+------------+-----------------+------------+------------------+--------+
data_out<0> |        15.851(R)|      SLOW  |         4.874(R)|      FAST  |clk_BUFGP         |   0.000|
data_out<1> |        16.551(R)|      SLOW  |         4.765(R)|      FAST  |clk_BUFGP         |   0.000|
data_out<2> |        15.703(R)|      SLOW  |         4.608(R)|      FAST  |clk_BUFGP         |   0.000|
data_out<3> |        14.860(R)|      SLOW  |         4.475(R)|      FAST  |clk_BUFGP         |   0.000|
data_out<4> |        14.311(R)|      SLOW  |         3.959(R)|      FAST  |clk_BUFGP         |   0.000|
data_out<5> |        15.670(R)|      SLOW  |         4.673(R)|      FAST  |clk_BUFGP         |   0.000|
data_out<6> |        15.186(R)|      SLOW  |         4.110(R)|      FAST  |clk_BUFGP         |   0.000|
data_out<7> |        14.669(R)|      SLOW  |         4.100(R)|      FAST  |clk_BUFGP         |   0.000|
data_out<8> |        15.370(R)|      SLOW  |         4.191(R)|      FAST  |clk_BUFGP         |   0.000|
data_out<9> |        15.089(R)|      SLOW  |         4.400(R)|      FAST  |clk_BUFGP         |   0.000|
data_out<10>|        17.323(R)|      SLOW  |         5.035(R)|      FAST  |clk_BUFGP         |   0.000|
data_out<11>|        16.321(R)|      SLOW  |         4.716(R)|      FAST  |clk_BUFGP         |   0.000|
data_out<12>|        15.095(R)|      SLOW  |         4.665(R)|      FAST  |clk_BUFGP         |   0.000|
data_out<13>|        14.964(R)|      SLOW  |         4.385(R)|      FAST  |clk_BUFGP         |   0.000|
data_out<14>|        14.938(R)|      SLOW  |         4.047(R)|      FAST  |clk_BUFGP         |   0.000|
data_out<15>|        14.900(R)|      SLOW  |         4.187(R)|      FAST  |clk_BUFGP         |   0.000|
------------+-----------------+------------+-----------------+------------+------------------+--------+


Analysis completed Sun Oct 27 11:25:28 2019 
--------------------------------------------------------------------------------

Trace Settings:
-------------------------
Trace Settings 

Peak Memory Usage: 671 MB



