--------------------------------------------------------------------------------
Release 14.7 Trace  (nt64)
Copyright (c) 1995-2013 Xilinx, Inc.  All rights reserved.

C:\Xilinx\14.7\ISE_DS\ISE\bin\nt64\unwrapped\trce.exe -intstyle ise -v 3 -s 4
-n 3 -fastpaths -xml Decodificador_7S.twx Decodificador_7S.ncd -o
Decodificador_7S.twr Decodificador_7S.pcf

Design file:              Decodificador_7S.ncd
Physical constraint file: Decodificador_7S.pcf
Device,package,speed:     xc3s500e,fg320,-4 (PRODUCTION 1.27 2013-10-13)
Report level:             verbose report

Environment Variable      Effect 
--------------------      ------ 
NONE                      No environment variables were set
--------------------------------------------------------------------------------

INFO:Timing:2698 - No timing constraints found, doing default enumeration.
INFO:Timing:3412 - To improve timing, see the Timing Closure User Guide (UG612).
INFO:Timing:2752 - To get complete path coverage, use the unconstrained paths 
   option. All paths that are not constrained will be reported in the 
   unconstrained paths section(s) of the report.
INFO:Timing:3339 - The clock-to-out numbers in this timing report are based on 
   a 50 Ohm transmission line loading model.  For the details of this model, 
   and for more information on accounting for different loading conditions, 
   please see the device datasheet.
INFO:Timing:3390 - This architecture does not support a default System Jitter 
   value, please add SYSTEM_JITTER constraint to the UCF to modify the Clock 
   Uncertainty calculation.
INFO:Timing:3389 - This architecture does not support 'Discrete Jitter' and 
   'Phase Error' calculations, these terms will be zero in the Clock 
   Uncertainty calculation.  Please make appropriate modification to 
   SYSTEM_JITTER to account for the unsupported Discrete Jitter and Phase 
   Error.



Data Sheet report:
-----------------
All values displayed in nanoseconds (ns)

Pad to Pad
---------------+---------------+---------+
Source Pad     |Destination Pad|  Delay  |
---------------+---------------+---------+
X<0>           |D<0>           |    6.686|
X<0>           |D<1>           |    6.403|
X<0>           |D<2>           |    6.651|
X<0>           |D<3>           |    6.403|
X<0>           |D<4>           |    6.740|
X<0>           |D<5>           |    6.890|
X<0>           |D<6>           |    6.750|
X<1>           |D<0>           |    6.374|
X<1>           |D<1>           |    6.031|
X<1>           |D<2>           |    6.339|
X<1>           |D<3>           |    6.031|
X<1>           |D<4>           |    6.428|
X<1>           |D<5>           |    6.785|
X<1>           |D<6>           |    6.378|
X<2>           |D<0>           |    6.422|
X<2>           |D<1>           |    6.104|
X<2>           |D<2>           |    6.387|
X<2>           |D<3>           |    6.104|
X<2>           |D<4>           |    6.298|
X<2>           |D<5>           |    6.600|
X<2>           |D<6>           |    6.313|
X<3>           |D<0>           |    7.718|
X<3>           |D<1>           |    7.440|
X<3>           |D<2>           |    7.683|
X<3>           |D<3>           |    7.440|
X<3>           |D<4>           |    6.354|
X<3>           |D<5>           |    6.547|
X<3>           |D<6>           |    6.329|
---------------+---------------+---------+


Analysis completed Mon Sep 23 12:14:41 2019 
--------------------------------------------------------------------------------

Trace Settings:
-------------------------
Trace Settings 

Peak Memory Usage: 174 MB



