Release 14.7 - xst P.20131013 (nt64)
Copyright (c) 1995-2013 Xilinx, Inc.  All rights reserved.
--> Parameter TMPDIR set to xst/projnav.tmp


Total REAL time to Xst completion: 0.00 secs
Total CPU time to Xst completion: 0.33 secs
 
--> Parameter xsthdpdir set to xst


Total REAL time to Xst completion: 0.00 secs
Total CPU time to Xst completion: 0.33 secs
 
--> Reading design: Main.prj

TABLE OF CONTENTS
  1) Synthesis Options Summary
  2) HDL Compilation
  3) Design Hierarchy Analysis
  4) HDL Analysis
  5) HDL Synthesis
     5.1) HDL Synthesis Report
  6) Advanced HDL Synthesis
     6.1) Advanced HDL Synthesis Report
  7) Low Level Synthesis
  8) Partition Report
  9) Final Report
	9.1) Device utilization summary
	9.2) Partition Resource Summary
	9.3) TIMING REPORT


=========================================================================
*                      Synthesis Options Summary                        *
=========================================================================
---- Source Parameters
Input File Name                    : "Main.prj"
Input Format                       : mixed
Ignore Synthesis Constraint File   : NO

---- Target Parameters
Output File Name                   : "Main"
Output Format                      : NGC
Target Device                      : xc3s500e-4-fg320

---- Source Options
Top Module Name                    : Main
Automatic FSM Extraction           : YES
FSM Encoding Algorithm             : Auto
Safe Implementation                : No
FSM Style                          : LUT
RAM Extraction                     : Yes
RAM Style                          : Auto
ROM Extraction                     : Yes
Mux Style                          : Auto
Decoder Extraction                 : YES
Priority Encoder Extraction        : Yes
Shift Register Extraction          : YES
Logical Shifter Extraction         : YES
XOR Collapsing                     : YES
ROM Style                          : Auto
Mux Extraction                     : Yes
Resource Sharing                   : YES
Asynchronous To Synchronous        : NO
Multiplier Style                   : Auto
Automatic Register Balancing       : No

---- Target Options
Add IO Buffers                     : YES
Global Maximum Fanout              : 100000
Add Generic Clock Buffer(BUFG)     : 24
Register Duplication               : YES
Slice Packing                      : YES
Optimize Instantiated Primitives   : NO
Use Clock Enable                   : Yes
Use Synchronous Set                : Yes
Use Synchronous Reset              : Yes
Pack IO Registers into IOBs        : Auto
Equivalent register Removal        : YES

---- General Options
Optimization Goal                  : Speed
Optimization Effort                : 1
Keep Hierarchy                     : No
Netlist Hierarchy                  : As_Optimized
RTL Output                         : Yes
Global Optimization                : AllClockNets
Read Cores                         : YES
Write Timing Constraints           : NO
Cross Clock Analysis               : NO
Hierarchy Separator                : /
Bus Delimiter                      : <>
Case Specifier                     : Maintain
Slice Utilization Ratio            : 100
BRAM Utilization Ratio             : 100
Verilog 2001                       : YES
Auto BRAM Packing                  : NO
Slice Utilization Ratio Delta      : 5

=========================================================================


=========================================================================
*                          HDL Compilation                              *
=========================================================================
Compiling verilog file "../Biblioteca/Multiplexor_4X1.v" in library work
Compiling verilog file "../Biblioteca/FlipFlop_D.v" in library work
Module <Multiplexor_4X1> compiled
Compiling verilog file "../Biblioteca/Demultiplexor_1X4.v" in library work
Module <FlipFlop_D> compiled
Compiling verilog file "../Biblioteca/Decodificador_7S.v" in library work
Module <Demultiplexor_1X4> compiled
Compiling verilog file "../Biblioteca/Contador_2B.v" in library work
Module <Decodificador_7S> compiled
Compiling verilog file "../Biblioteca/Sumador.v" in library work
Module <Contador_2B> compiled
Compiling verilog file "../Biblioteca/Registro_Desplazamiento_4B.v" in library work
Module <Sumador> compiled
Compiling verilog file "../Biblioteca/Divisor_Frecuencia.v" in library work
Module <Registro_Desplazamiento_4B> compiled
Compiling verilog file "../Biblioteca/Displayer_4_7S.v" in library work
Module <Divisor_Frecuencia> compiled
Compiling verilog file "Main.v" in library work
Module <Displayer_4_7S> compiled
Module <Main> compiled
No errors in compilation
Analysis of file <"Main.prj"> succeeded.
 

=========================================================================
*                     Design Hierarchy Analysis                         *
=========================================================================
Analyzing hierarchy for module <Main> in library <work>.

Analyzing hierarchy for module <Divisor_Frecuencia> in library <work>.

Analyzing hierarchy for module <Sumador> in library <work>.

Analyzing hierarchy for module <FlipFlop_D> in library <work>.

Analyzing hierarchy for module <Registro_Desplazamiento_4B> in library <work>.

Analyzing hierarchy for module <Displayer_4_7S> in library <work>.

Analyzing hierarchy for module <FlipFlop_D> in library <work>.

Analyzing hierarchy for module <Contador_2B> in library <work>.

Analyzing hierarchy for module <Demultiplexor_1X4> in library <work>.

Analyzing hierarchy for module <Multiplexor_4X1> in library <work>.

Analyzing hierarchy for module <Decodificador_7S> in library <work>.


=========================================================================
*                            HDL Analysis                               *
=========================================================================
Analyzing top module <Main>.
Module <Main> is correct for synthesis.
 
Analyzing module <Divisor_Frecuencia> in library <work>.
Module <Divisor_Frecuencia> is correct for synthesis.
 
Analyzing module <Sumador> in library <work>.
Module <Sumador> is correct for synthesis.
 
Analyzing module <FlipFlop_D> in library <work>.
Module <FlipFlop_D> is correct for synthesis.
 
Analyzing module <Registro_Desplazamiento_4B> in library <work>.
Module <Registro_Desplazamiento_4B> is correct for synthesis.
 
Analyzing module <Displayer_4_7S> in library <work>.
Module <Displayer_4_7S> is correct for synthesis.
 
Analyzing module <Contador_2B> in library <work>.
Module <Contador_2B> is correct for synthesis.
 
Analyzing module <Demultiplexor_1X4> in library <work>.
Module <Demultiplexor_1X4> is correct for synthesis.
 
Analyzing module <Multiplexor_4X1> in library <work>.
Module <Multiplexor_4X1> is correct for synthesis.
 
Analyzing module <Decodificador_7S> in library <work>.
Module <Decodificador_7S> is correct for synthesis.
 

=========================================================================
*                           HDL Synthesis                               *
=========================================================================

Performing bidirectional port resolution...

Synthesizing Unit <Divisor_Frecuencia>.
    Related source file is "../Biblioteca/Divisor_Frecuencia.v".
    Found 1-bit register for signal <Oclk>.
    Found 32-bit up counter for signal <i>.
    Found 33-bit comparator equal for signal <i$cmp_eq0000> created at line 13.
    Summary:
	inferred   1 Counter(s).
	inferred   1 D-type flip-flop(s).
	inferred   1 Adder/Subtractor(s).
	inferred   1 Comparator(s).
Unit <Divisor_Frecuencia> synthesized.


Synthesizing Unit <Sumador>.
    Related source file is "../Biblioteca/Sumador.v".
    Found 1-bit xor2 for signal <S>.
    Found 1-bit xor2 for signal <N2>.
Unit <Sumador> synthesized.


Synthesizing Unit <FlipFlop_D>.
    Related source file is "../Biblioteca/FlipFlop_D.v".
    Found 1-bit register for signal <Q>.
    Summary:
	inferred   1 D-type flip-flop(s).
Unit <FlipFlop_D> synthesized.


Synthesizing Unit <Contador_2B>.
    Related source file is "../Biblioteca/Contador_2B.v".
    Found 2-bit up counter for signal <O>.
    Summary:
	inferred   1 Counter(s).
Unit <Contador_2B> synthesized.


Synthesizing Unit <Demultiplexor_1X4>.
    Related source file is "../Biblioteca/Demultiplexor_1X4.v".
Unit <Demultiplexor_1X4> synthesized.


Synthesizing Unit <Multiplexor_4X1>.
    Related source file is "../Biblioteca/Multiplexor_4X1.v".
Unit <Multiplexor_4X1> synthesized.


Synthesizing Unit <Decodificador_7S>.
    Related source file is "../Biblioteca/Decodificador_7S.v".
Unit <Decodificador_7S> synthesized.


Synthesizing Unit <Registro_Desplazamiento_4B>.
    Related source file is "../Biblioteca/Registro_Desplazamiento_4B.v".
Unit <Registro_Desplazamiento_4B> synthesized.


Synthesizing Unit <Displayer_4_7S>.
    Related source file is "../Biblioteca/Displayer_4_7S.v".
Unit <Displayer_4_7S> synthesized.


Synthesizing Unit <Main>.
    Related source file is "Main.v".
Unit <Main> synthesized.


=========================================================================
HDL Synthesis Report

Macro Statistics
# Adders/Subtractors                                   : 2
 32-bit adder                                          : 2
# Counters                                             : 3
 2-bit up counter                                      : 1
 32-bit up counter                                     : 2
# Registers                                            : 7
 1-bit register                                        : 7
# Comparators                                          : 2
 33-bit comparator equal                               : 2
# Xors                                                 : 2
 1-bit xor2                                            : 2

=========================================================================

=========================================================================
*                       Advanced HDL Synthesis                          *
=========================================================================


=========================================================================
Advanced HDL Synthesis Report

Macro Statistics
# Adders/Subtractors                                   : 2
 32-bit adder                                          : 2
# Counters                                             : 3
 2-bit up counter                                      : 1
 32-bit up counter                                     : 2
# Registers                                            : 7
 Flip-Flops                                            : 7
# Comparators                                          : 2
 33-bit comparator equal                               : 2
# Xors                                                 : 2
 1-bit xor2                                            : 2

=========================================================================

=========================================================================
*                         Low Level Synthesis                           *
=========================================================================

Optimizing unit <Main> ...

Optimizing unit <Displayer_4_7S> ...

Mapping all equations...
Building and optimizing final netlist ...
Found area constraint ratio of 100 (+ 5) on block Main, actual ratio is 2.

Final Macro Processing ...

=========================================================================
Final Register Report

Macro Statistics
# Registers                                            : 73
 Flip-Flops                                            : 73

=========================================================================

=========================================================================
*                           Partition Report                            *
=========================================================================

Partition Implementation Status
-------------------------------

  No Partitions were found in this design.

-------------------------------

=========================================================================
*                            Final Report                               *
=========================================================================
Final Results
RTL Top Level Output File Name     : Main.ngr
Top Level Output File Name         : Main
Output Format                      : NGC
Optimization Goal                  : Speed
Keep Hierarchy                     : No

Design Statistics
# IOs                              : 16

Cell Usage :
# BELS                             : 437
#      GND                         : 1
#      INV                         : 6
#      LUT1                        : 124
#      LUT2                        : 5
#      LUT3                        : 9
#      LUT4                        : 23
#      MUXCY                       : 140
#      VCC                         : 1
#      XORCY                       : 128
# FlipFlops/Latches                : 73
#      FD                          : 1
#      FDC                         : 5
#      FDE                         : 2
#      FDR                         : 65
# Clock Buffers                    : 1
#      BUFGP                       : 1
# IO Buffers                       : 15
#      IBUF                        : 3
#      OBUF                        : 12
=========================================================================

Device utilization summary:
---------------------------

Selected Device : 3s500efg320-4 

 Number of Slices:                       96  out of   4656     2%  
 Number of Slice Flip Flops:             73  out of   9312     0%  
 Number of 4 input LUTs:                167  out of   9312     1%  
 Number of IOs:                          16
 Number of bonded IOBs:                  16  out of    232     6%  
 Number of GCLKs:                         1  out of     24     4%  

---------------------------
Partition Resource Summary:
---------------------------

  No Partitions were found in this design.

---------------------------


=========================================================================
TIMING REPORT

NOTE: THESE TIMING NUMBERS ARE ONLY A SYNTHESIS ESTIMATE.
      FOR ACCURATE TIMING INFORMATION PLEASE REFER TO THE TRACE REPORT
      GENERATED AFTER PLACE-and-ROUTE.

Clock Information:
------------------
-----------------------------------+------------------------+-------+
Clock Signal                       | Clock buffer(FF name)  | Load  |
-----------------------------------+------------------------+-------+
clk                                | BUFGP                  | 66    |
df2/Oclk                           | NONE(cmem/Q)           | 5     |
df/Oclk                            | NONE(dis/con/O_1)      | 2     |
-----------------------------------+------------------------+-------+
INFO:Xst:2169 - HDL ADVISOR - Some clock signals were not automatically buffered by XST with BUFG/BUFR resources. Please use the buffer_type constraint in order to insert these buffers to the clock signals to help prevent skew problems.

Asynchronous Control Signals Information:
----------------------------------------
-----------------------------------+------------------------+-------+
Control Signal                     | Buffer(FF name)        | Load  |
-----------------------------------+------------------------+-------+
Rbtn                               | IBUF                   | 5     |
-----------------------------------+------------------------+-------+

Timing Summary:
---------------
Speed Grade: -4

   Minimum period: 8.934ns (Maximum Frequency: 111.938MHz)
   Minimum input arrival time before clock: 2.852ns
   Maximum output required time after clock: 7.078ns
   Maximum combinational path delay: No path found

Timing Detail:
--------------
All values displayed in nanoseconds (ns)

=========================================================================
Timing constraint: Default period analysis for Clock 'clk'
  Clock period: 8.934ns (frequency: 111.938MHz)
  Total number of paths / destination ports: 35906 / 132
-------------------------------------------------------------------------
Delay:               8.934ns (Levels of Logic = 34)
  Source:            df/i_1 (FF)
  Destination:       df/i_0 (FF)
  Source Clock:      clk rising
  Destination Clock: clk rising

  Data Path: df/i_1 to df/i_0
                                Gate     Net
    Cell:in->out      fanout   Delay   Delay  Logical Name (Net Name)
    ----------------------------------------  ------------
     FDR:C->Q              2   0.591   0.622  df/i_1 (df/i_1)
     LUT1:I0->O            1   0.704   0.000  df/Madd__old_i_1_cy<1>_rt (df/Madd__old_i_1_cy<1>_rt)
     MUXCY:S->O            1   0.464   0.000  df/Madd__old_i_1_cy<1> (df/Madd__old_i_1_cy<1>)
     MUXCY:CI->O           1   0.059   0.000  df/Madd__old_i_1_cy<2> (df/Madd__old_i_1_cy<2>)
     MUXCY:CI->O           1   0.059   0.000  df/Madd__old_i_1_cy<3> (df/Madd__old_i_1_cy<3>)
     MUXCY:CI->O           1   0.059   0.000  df/Madd__old_i_1_cy<4> (df/Madd__old_i_1_cy<4>)
     MUXCY:CI->O           1   0.059   0.000  df/Madd__old_i_1_cy<5> (df/Madd__old_i_1_cy<5>)
     MUXCY:CI->O           1   0.059   0.000  df/Madd__old_i_1_cy<6> (df/Madd__old_i_1_cy<6>)
     MUXCY:CI->O           1   0.059   0.000  df/Madd__old_i_1_cy<7> (df/Madd__old_i_1_cy<7>)
     MUXCY:CI->O           1   0.059   0.000  df/Madd__old_i_1_cy<8> (df/Madd__old_i_1_cy<8>)
     MUXCY:CI->O           1   0.059   0.000  df/Madd__old_i_1_cy<9> (df/Madd__old_i_1_cy<9>)
     MUXCY:CI->O           1   0.059   0.000  df/Madd__old_i_1_cy<10> (df/Madd__old_i_1_cy<10>)
     MUXCY:CI->O           1   0.059   0.000  df/Madd__old_i_1_cy<11> (df/Madd__old_i_1_cy<11>)
     MUXCY:CI->O           1   0.059   0.000  df/Madd__old_i_1_cy<12> (df/Madd__old_i_1_cy<12>)
     MUXCY:CI->O           1   0.059   0.000  df/Madd__old_i_1_cy<13> (df/Madd__old_i_1_cy<13>)
     MUXCY:CI->O           1   0.059   0.000  df/Madd__old_i_1_cy<14> (df/Madd__old_i_1_cy<14>)
     MUXCY:CI->O           1   0.059   0.000  df/Madd__old_i_1_cy<15> (df/Madd__old_i_1_cy<15>)
     MUXCY:CI->O           1   0.059   0.000  df/Madd__old_i_1_cy<16> (df/Madd__old_i_1_cy<16>)
     MUXCY:CI->O           1   0.059   0.000  df/Madd__old_i_1_cy<17> (df/Madd__old_i_1_cy<17>)
     MUXCY:CI->O           1   0.059   0.000  df/Madd__old_i_1_cy<18> (df/Madd__old_i_1_cy<18>)
     MUXCY:CI->O           1   0.059   0.000  df/Madd__old_i_1_cy<19> (df/Madd__old_i_1_cy<19>)
     MUXCY:CI->O           1   0.059   0.000  df/Madd__old_i_1_cy<20> (df/Madd__old_i_1_cy<20>)
     MUXCY:CI->O           1   0.059   0.000  df/Madd__old_i_1_cy<21> (df/Madd__old_i_1_cy<21>)
     MUXCY:CI->O           1   0.059   0.000  df/Madd__old_i_1_cy<22> (df/Madd__old_i_1_cy<22>)
     MUXCY:CI->O           1   0.059   0.000  df/Madd__old_i_1_cy<23> (df/Madd__old_i_1_cy<23>)
     MUXCY:CI->O           1   0.059   0.000  df/Madd__old_i_1_cy<24> (df/Madd__old_i_1_cy<24>)
     MUXCY:CI->O           1   0.059   0.000  df/Madd__old_i_1_cy<25> (df/Madd__old_i_1_cy<25>)
     MUXCY:CI->O           1   0.059   0.000  df/Madd__old_i_1_cy<26> (df/Madd__old_i_1_cy<26>)
     MUXCY:CI->O           1   0.059   0.000  df/Madd__old_i_1_cy<27> (df/Madd__old_i_1_cy<27>)
     MUXCY:CI->O           1   0.059   0.000  df/Madd__old_i_1_cy<28> (df/Madd__old_i_1_cy<28>)
     MUXCY:CI->O           1   0.059   0.000  df/Madd__old_i_1_cy<29> (df/Madd__old_i_1_cy<29>)
     MUXCY:CI->O           0   0.059   0.000  df/Madd__old_i_1_cy<30> (df/Madd__old_i_1_cy<30>)
     XORCY:CI->O           1   0.804   0.424  df/Madd__old_i_1_xor<31> (df/_old_i_1<31>)
     LUT4:I3->O            1   0.704   0.000  df/i_cmp_eq0000_wg_lut<7> (df/i_cmp_eq0000_wg_lut<7>)
     MUXCY:S->O           33   0.736   1.263  df/i_cmp_eq0000_wg_cy<7> (df/i_cmp_eq0000)
     FDR:R                     0.911          df/i_0
    ----------------------------------------
    Total                      8.934ns (6.625ns logic, 2.309ns route)
                                       (74.2% logic, 25.8% route)

=========================================================================
Timing constraint: Default period analysis for Clock 'df2/Oclk'
  Clock period: 2.129ns (frequency: 469.704MHz)
  Total number of paths / destination ports: 5 / 5
-------------------------------------------------------------------------
Delay:               2.129ns (Levels of Logic = 1)
  Source:            cmem/Q (FF)
  Destination:       cmem/Q (FF)
  Source Clock:      df2/Oclk rising
  Destination Clock: df2/Oclk rising

  Data Path: cmem/Q to cmem/Q
                                Gate     Net
    Cell:in->out      fanout   Delay   Delay  Logical Name (Net Name)
    ----------------------------------------  ------------
     FDC:C->Q              2   0.591   0.526  cmem/Q (cmem/Q)
     LUT3:I1->O            1   0.704   0.000  sum/Co1 (Co)
     FDC:D                     0.308          cmem/Q
    ----------------------------------------
    Total                      2.129ns (1.603ns logic, 0.526ns route)
                                       (75.3% logic, 24.7% route)

=========================================================================
Timing constraint: Default period analysis for Clock 'df/Oclk'
  Clock period: 2.739ns (frequency: 365.097MHz)
  Total number of paths / destination ports: 3 / 2
-------------------------------------------------------------------------
Delay:               2.739ns (Levels of Logic = 1)
  Source:            dis/con/O_1 (FF)
  Destination:       dis/con/O_1 (FF)
  Source Clock:      df/Oclk rising
  Destination Clock: df/Oclk rising

  Data Path: dis/con/O_1 to dis/con/O_1
                                Gate     Net
    Cell:in->out      fanout   Delay   Delay  Logical Name (Net Name)
    ----------------------------------------  ------------
     FD:C->Q              12   0.591   1.136  dis/con/O_1 (dis/con/O_1)
     LUT2:I0->O            1   0.704   0.000  dis/con/Mcount_O_xor<1>11 (dis/Result<1>)
     FD:D                      0.308          dis/con/O_1
    ----------------------------------------
    Total                      2.739ns (1.603ns logic, 1.136ns route)
                                       (58.5% logic, 41.5% route)

=========================================================================
Timing constraint: Default OFFSET IN BEFORE for Clock 'df2/Oclk'
  Total number of paths / destination ports: 4 / 2
-------------------------------------------------------------------------
Offset:              2.852ns (Levels of Logic = 2)
  Source:            B (PAD)
  Destination:       cmem/Q (FF)
  Destination Clock: df2/Oclk rising

  Data Path: B to cmem/Q
                                Gate     Net
    Cell:in->out      fanout   Delay   Delay  Logical Name (Net Name)
    ----------------------------------------  ------------
     IBUF:I->O             2   1.218   0.622  B_IBUF (B_IBUF)
     LUT3:I0->O            1   0.704   0.000  sum/Co1 (Co)
     FDC:D                     0.308          cmem/Q
    ----------------------------------------
    Total                      2.852ns (2.230ns logic, 0.622ns route)
                                       (78.2% logic, 21.8% route)

=========================================================================
Timing constraint: Default OFFSET OUT AFTER for Clock 'clk'
  Total number of paths / destination ports: 1 / 1
-------------------------------------------------------------------------
Offset:              4.571ns (Levels of Logic = 1)
  Source:            df2/Oclk (FF)
  Destination:       Bclk (PAD)
  Source Clock:      clk rising

  Data Path: df2/Oclk to Bclk
                                Gate     Net
    Cell:in->out      fanout   Delay   Delay  Logical Name (Net Name)
    ----------------------------------------  ------------
     FDE:C->Q              7   0.591   0.708  df2/Oclk (df2/Oclk)
     OBUF:I->O                 3.272          Bclk_OBUF (Bclk)
    ----------------------------------------
    Total                      4.571ns (3.863ns logic, 0.708ns route)
                                       (84.5% logic, 15.5% route)

=========================================================================
Timing constraint: Default OFFSET OUT AFTER for Clock 'df/Oclk'
  Total number of paths / destination ports: 22 / 11
-------------------------------------------------------------------------
Offset:              6.145ns (Levels of Logic = 2)
  Source:            dis/con/O_0 (FF)
  Destination:       An<2> (PAD)
  Source Clock:      df/Oclk rising

  Data Path: dis/con/O_0 to An<2>
                                Gate     Net
    Cell:in->out      fanout   Delay   Delay  Logical Name (Net Name)
    ----------------------------------------  ------------
     FDR:C->Q             13   0.591   1.158  dis/con/O_0 (dis/con/O_0)
     LUT2:I0->O            1   0.704   0.420  dis/An_2_not00001 (An_2_OBUF)
     OBUF:I->O                 3.272          An_2_OBUF (An<2>)
    ----------------------------------------
    Total                      6.145ns (4.567ns logic, 1.578ns route)
                                       (74.3% logic, 25.7% route)

=========================================================================
Timing constraint: Default OFFSET OUT AFTER for Clock 'df2/Oclk'
  Total number of paths / destination ports: 28 / 7
-------------------------------------------------------------------------
Offset:              7.078ns (Levels of Logic = 3)
  Source:            rd/ff1/Q (FF)
  Destination:       D<6> (PAD)
  Source Clock:      df2/Oclk rising

  Data Path: rd/ff1/Q to D<6>
                                Gate     Net
    Cell:in->out      fanout   Delay   Delay  Logical Name (Net Name)
    ----------------------------------------  ------------
     FDC:C->Q              8   0.591   0.932  rd/ff1/Q (rd/ff1/Q)
     LUT4:I0->O            1   0.704   0.455  dis/dec/D_6_not0000_SW0 (N7)
     LUT3:I2->O            1   0.704   0.420  dis/dec/D_6_not0000 (D_6_OBUF)
     OBUF:I->O                 3.272          D_6_OBUF (D<6>)
    ----------------------------------------
    Total                      7.078ns (5.271ns logic, 1.807ns route)
                                       (74.5% logic, 25.5% route)

=========================================================================


Total REAL time to Xst completion: 21.00 secs
Total CPU time to Xst completion: 20.59 secs
 
--> 

Total memory usage is 250992 kilobytes

Number of errors   :    0 (   0 filtered)
Number of warnings :    1 (   0 filtered)
Number of infos    :    1 (   0 filtered)

