--------------------------------------------------------------------------------
Release 14.7 Trace  (nt64)
Copyright (c) 1995-2013 Xilinx, Inc.  All rights reserved.

C:\Xilinx\14.7\ISE_DS\ISE\bin\nt64\unwrapped\trce.exe -intstyle ise -v 3 -s 4
-n 3 -fastpaths -xml Comparador_4B.twx Comparador_4B.ncd -o Comparador_4B.twr
Comparador_4B.pcf

Design file:              Comparador_4B.ncd
Physical constraint file: Comparador_4B.pcf
Device,package,speed:     xc3s500e,fg320,-4 (PRODUCTION 1.27 2013-10-13)
Report level:             verbose report

Environment Variable      Effect 
--------------------      ------ 
NONE                      No environment variables were set
--------------------------------------------------------------------------------

INFO:Timing:2698 - No timing constraints found, doing default enumeration.
INFO:Timing:3412 - To improve timing, see the Timing Closure User Guide (UG612).
INFO:Timing:2752 - To get complete path coverage, use the unconstrained paths 
   option. All paths that are not constrained will be reported in the 
   unconstrained paths section(s) of the report.
INFO:Timing:3339 - The clock-to-out numbers in this timing report are based on 
   a 50 Ohm transmission line loading model.  For the details of this model, 
   and for more information on accounting for different loading conditions, 
   please see the device datasheet.
INFO:Timing:3390 - This architecture does not support a default System Jitter 
   value, please add SYSTEM_JITTER constraint to the UCF to modify the Clock 
   Uncertainty calculation.
INFO:Timing:3389 - This architecture does not support 'Discrete Jitter' and 
   'Phase Error' calculations, these terms will be zero in the Clock 
   Uncertainty calculation.  Please make appropriate modification to 
   SYSTEM_JITTER to account for the unsupported Discrete Jitter and Phase 
   Error.



Data Sheet report:
-----------------
All values displayed in nanoseconds (ns)

Pad to Pad
---------------+---------------+---------+
Source Pad     |Destination Pad|  Delay  |
---------------+---------------+---------+
A<0>           |Eo             |    7.813|
A<0>           |Go             |    6.852|
A<1>           |Eo             |    7.787|
A<1>           |Go             |    6.851|
A<2>           |Eo             |    7.319|
A<2>           |Go             |    7.522|
A<3>           |Eo             |    8.075|
A<3>           |Go             |    8.278|
B<0>           |Eo             |    8.164|
B<0>           |Go             |    7.163|
B<1>           |Eo             |    8.427|
B<1>           |Go             |    7.431|
B<2>           |Eo             |    7.820|
B<2>           |Go             |    8.023|
B<3>           |Eo             |    7.395|
B<3>           |Go             |    7.598|
---------------+---------------+---------+


Analysis completed Fri Sep 20 20:14:17 2019 
--------------------------------------------------------------------------------

Trace Settings:
-------------------------
Trace Settings 

Peak Memory Usage: 174 MB



